<?xml version="1.0" encoding="UTF-8"?>
<robot generator="Robot 3.1.1 (Python 3.9.7 on win32)" generated="20211205 11:35:32.279" rpa="false">
<suite id="s1" name="OrangeHRM" source="C:\Users\GS-1710\Documents\SelfLearning\MyRobot\RobotUdemyCourse\OrangeHRM3\tests\OrangeHRM.robot">
<test id="s1-t1" name="Verify Login Functionality of Orange HRM">
<kw name="Begin Web Test" library="CommonWeb" type="setup">
<kw name="Open Browser" library="SeleniumLibrary">
<doc>Opens a new browser instance to the given ``url``.</doc>
<arguments>
<arg>about:blank</arg>
<arg>${BROWSER}</arg>
</arguments>
<msg timestamp="20211205 11:35:32.994" level="INFO">Opening browser 'opera' to base url 'about:blank'.</msg>
<status status="PASS" starttime="20211205 11:35:32.994" endtime="20211205 11:35:36.092"></status>
</kw>
<kw name="Maximize Browser Window" library="SeleniumLibrary">
<doc>Maximizes current browser window.</doc>
<status status="PASS" starttime="20211205 11:35:36.092" endtime="20211205 11:35:36.253"></status>
</kw>
<status status="PASS" starttime="20211205 11:35:32.994" endtime="20211205 11:35:36.254"></status>
</kw>
<kw name="Log" library="BuiltIn">
<doc>Logs the given message with the given level.</doc>
<arguments>
<arg>executing test case 1</arg>
</arguments>
<msg timestamp="20211205 11:35:36.255" level="INFO">executing test case 1</msg>
<status status="PASS" starttime="20211205 11:35:36.254" endtime="20211205 11:35:36.255"></status>
</kw>
<kw name="Go to Orange HRM Login Page" library="OrangeHRMApp">
<kw name="Navigate To OrangeHRM Login Page" library="OrangeHRMLoginPage">
<kw name="Go To" library="SeleniumLibrary">
<doc>Navigates the active browser instance to the provided ``url``.</doc>
<arguments>
<arg>${URL}</arg>
</arguments>
<msg timestamp="20211205 11:35:36.259" level="INFO">Opening url 'https://opensource-demo.orangehrmlive.com/index.php/auth/login'</msg>
<status status="PASS" starttime="20211205 11:35:36.259" endtime="20211205 11:35:43.456"></status>
</kw>
<status status="PASS" starttime="20211205 11:35:36.256" endtime="20211205 11:35:43.456"></status>
</kw>
<kw name="Verify Login Page" library="OrangeHRMLoginPage">
<kw name="Wait Until Page Contains" library="SeleniumLibrary">
<doc>Waits until ``text`` appears on current page.</doc>
<arguments>
<arg>LOGIN Panel</arg>
</arguments>
<status status="PASS" starttime="20211205 11:35:43.457" endtime="20211205 11:35:43.494"></status>
</kw>
<status status="PASS" starttime="20211205 11:35:43.457" endtime="20211205 11:35:43.495"></status>
</kw>
<status status="PASS" starttime="20211205 11:35:36.255" endtime="20211205 11:35:43.495"></status>
</kw>
<kw name="Login to Orange HRM" library="OrangeHRMApp">
<kw name="Login to Orange HRM" library="OrangeHRMLoginPage">
<kw name="Input Text" library="SeleniumLibrary">
<doc>Types the given ``text`` into text field identified by ``locator``.</doc>
<arguments>
<arg>txtUsername</arg>
<arg>Admin</arg>
</arguments>
<msg timestamp="20211205 11:35:43.497" level="INFO">Typing text 'Admin' into text field 'txtUsername'.</msg>
<status status="PASS" starttime="20211205 11:35:43.496" endtime="20211205 11:35:43.664"></status>
</kw>
<kw name="Input Text" library="SeleniumLibrary">
<doc>Types the given ``text`` into text field identified by ``locator``.</doc>
<arguments>
<arg>txtPassword</arg>
<arg>admin123</arg>
</arguments>
<msg timestamp="20211205 11:35:43.664" level="INFO">Typing text 'admin123' into text field 'txtPassword'.</msg>
<status status="PASS" starttime="20211205 11:35:43.664" endtime="20211205 11:35:43.797"></status>
</kw>
<kw name="Click Button" library="SeleniumLibrary">
<doc>Clicks button identified by ``locator``.</doc>
<arguments>
<arg>btnLogin</arg>
</arguments>
<msg timestamp="20211205 11:35:43.797" level="INFO">Clicking button 'btnLogin'.</msg>
<status status="PASS" starttime="20211205 11:35:43.797" endtime="20211205 11:35:48.869"></status>
</kw>
<status status="PASS" starttime="20211205 11:35:43.496" endtime="20211205 11:35:48.870"></status>
</kw>
<kw name="Verify Welcome User On Dashbard Page" library="OrangeHRMUserDashboardPage">
<kw name="Wait Until Page Contains" library="SeleniumLibrary">
<doc>Waits until ``text`` appears on current page.</doc>
<arguments>
<arg>${WELCOME}</arg>
</arguments>
<status status="PASS" starttime="20211205 11:35:48.870" endtime="20211205 11:35:48.892"></status>
</kw>
<status status="PASS" starttime="20211205 11:35:48.870" endtime="20211205 11:35:48.893"></status>
</kw>
<status status="PASS" starttime="20211205 11:35:43.496" endtime="20211205 11:35:48.893"></status>
</kw>
<kw name="Logout from OrangeHRM App" library="OrangeHRMApp">
<kw name="Logout from OrangeHRM" library="OrangeHRMUserDashboardPage">
<kw name="Sleep" library="BuiltIn">
<doc>Pauses the test executed for the given time.</doc>
<arguments>
<arg>2</arg>
</arguments>
<msg timestamp="20211205 11:35:50.909" level="INFO">Slept 2 seconds</msg>
<status status="PASS" starttime="20211205 11:35:48.894" endtime="20211205 11:35:50.909"></status>
</kw>
<kw name="Click Element" library="SeleniumLibrary">
<doc>Click element identified by ``locator``.</doc>
<arguments>
<arg>welcome</arg>
</arguments>
<msg timestamp="20211205 11:35:50.910" level="INFO">Clicking element 'welcome'.</msg>
<status status="PASS" starttime="20211205 11:35:50.909" endtime="20211205 11:35:51.041"></status>
</kw>
<kw name="Sleep" library="BuiltIn">
<doc>Pauses the test executed for the given time.</doc>
<arguments>
<arg>2</arg>
</arguments>
<msg timestamp="20211205 11:35:53.055" level="INFO">Slept 2 seconds</msg>
<status status="PASS" starttime="20211205 11:35:51.042" endtime="20211205 11:35:53.055"></status>
</kw>
<kw name="Click Link" library="SeleniumLibrary">
<doc>Clicks a link identified by ``locator``.</doc>
<arguments>
<arg>Logout</arg>
</arguments>
<msg timestamp="20211205 11:35:53.056" level="INFO">Clicking link 'Logout'.</msg>
<status status="PASS" starttime="20211205 11:35:53.055" endtime="20211205 11:35:54.264"></status>
</kw>
<kw name="Sleep" library="BuiltIn">
<doc>Pauses the test executed for the given time.</doc>
<arguments>
<arg>2</arg>
</arguments>
<msg timestamp="20211205 11:35:56.273" level="INFO">Slept 2 seconds</msg>
<status status="PASS" starttime="20211205 11:35:54.264" endtime="20211205 11:35:56.273"></status>
</kw>
<kw name="Verify Login Page" library="OrangeHRMLoginPage">
<kw name="Wait Until Page Contains" library="SeleniumLibrary">
<doc>Waits until ``text`` appears on current page.</doc>
<arguments>
<arg>LOGIN Panel</arg>
</arguments>
<status status="PASS" starttime="20211205 11:35:56.275" endtime="20211205 11:35:56.302"></status>
</kw>
<status status="PASS" starttime="20211205 11:35:56.274" endtime="20211205 11:35:56.302"></status>
</kw>
<status status="PASS" starttime="20211205 11:35:48.894" endtime="20211205 11:35:56.302"></status>
</kw>
<status status="PASS" starttime="20211205 11:35:48.894" endtime="20211205 11:35:56.303"></status>
</kw>
<kw name="End Web Test" library="CommonWeb" type="teardown">
<kw name="Close All Browsers" library="SeleniumLibrary">
<doc>Closes all open browsers and resets the browser cache.</doc>
<status status="PASS" starttime="20211205 11:35:56.305" endtime="20211205 11:35:58.858"></status>
</kw>
<status status="PASS" starttime="20211205 11:35:56.304" endtime="20211205 11:35:58.858"></status>
</kw>
<doc>Verify the Login Functionality test case</doc>
<tags>
<tag>Smoke</tag>
</tags>
<status status="PASS" starttime="20211205 11:35:32.992" endtime="20211205 11:35:58.859" critical="yes"></status>
</test>
<doc>This Test Case Verifies the login functionality of an Orange HRM Application</doc>
<status status="PASS" starttime="20211205 11:35:32.285" endtime="20211205 11:35:58.864"></status>
</suite>
<statistics>
<total>
<stat pass="1" fail="0">Critical Tests</stat>
<stat pass="1" fail="0">All Tests</stat>
</total>
<tag>
<stat pass="1" fail="0">Smoke</stat>
</tag>
<suite>
<stat pass="1" fail="0" id="s1" name="OrangeHRM">OrangeHRM</stat>
</suite>
</statistics>
<errors>
</errors>
</robot>
